app/build/intermediates/manifest_merge_blame_file/debug/processDebugMainManifest/manifest-merger-blame-debug-report.txt
1<?xml version="1.0" encoding="utf-8"?>
2<manifest xmlns:android="http://schemas.android.com/apk/res/android"
3    package="com.k3s.phoneserver"
4    android:versionCode="1"
5    android:versionName="1.0" >
6
7    <uses-sdk
8        android:minSdkVersion="30"
9        android:targetSdkVersion="34" />
10
11    <!-- Internet permission for web server -->
12    <uses-permission android:name="android.permission.INTERNET" />
12-->src/main/AndroidManifest.xml:6:5-67
12-->src/main/AndroidManifest.xml:6:22-64
13    <uses-permission android:name="android.permission.ACCESS_NETWORK_STATE" />
13-->src/main/AndroidManifest.xml:7:5-79
13-->src/main/AndroidManifest.xml:7:22-76
14
15    <!-- Storage permissions for persistent AI model storage -->
16    <uses-permission
16-->src/main/AndroidManifest.xml:10:5-11:38
17        android:name="android.permission.READ_EXTERNAL_STORAGE"
17-->src/main/AndroidManifest.xml:10:22-77
18        android:maxSdkVersion="32" />
18-->src/main/AndroidManifest.xml:11:9-35
19    <uses-permission
19-->src/main/AndroidManifest.xml:12:5-13:38
20        android:name="android.permission.WRITE_EXTERNAL_STORAGE"
20-->src/main/AndroidManifest.xml:12:22-78
21        android:maxSdkVersion="28" />
21-->src/main/AndroidManifest.xml:13:9-35
22
23    <!-- Modern storage permissions for Android 13+ -->
24    <uses-permission android:name="android.permission.READ_MEDIA_IMAGES" />
24-->src/main/AndroidManifest.xml:16:5-76
24-->src/main/AndroidManifest.xml:16:22-73
25    <uses-permission android:name="android.permission.READ_MEDIA_VIDEO" />
25-->src/main/AndroidManifest.xml:17:5-75
25-->src/main/AndroidManifest.xml:17:22-72
26    <uses-permission android:name="android.permission.READ_MEDIA_AUDIO" />
26-->src/main/AndroidManifest.xml:18:5-75
26-->src/main/AndroidManifest.xml:18:22-72
27
28    <!-- Request legacy external storage for easier file access on older Android versions -->
29    <uses-permission android:name="android.permission.REQUEST_LEGACY_EXTERNAL_STORAGE" />
29-->src/main/AndroidManifest.xml:21:5-90
29-->src/main/AndroidManifest.xml:21:22-87
30
31    <!-- Note: Using app-specific storage and SAF (Storage Access Framework) for file access -->
32    <!-- This avoids the need for MANAGE_EXTERNAL_STORAGE which requires special approval -->
33
34
35    <!-- Query packages for browser launching (OAuth) -->
36    <uses-permission android:name="android.permission.QUERY_ALL_PACKAGES" />
36-->src/main/AndroidManifest.xml:27:5-28:53
36-->src/main/AndroidManifest.xml:27:22-74
37
38    <!-- Location permissions -->
39    <uses-permission android:name="android.permission.ACCESS_FINE_LOCATION" />
39-->src/main/AndroidManifest.xml:31:5-79
39-->src/main/AndroidManifest.xml:31:22-76
40    <uses-permission android:name="android.permission.ACCESS_COARSE_LOCATION" />
40-->src/main/AndroidManifest.xml:32:5-81
40-->src/main/AndroidManifest.xml:32:22-78
41    <!-- Background location access for when app is not visible (Android 10+) -->
42    <uses-permission android:name="android.permission.ACCESS_BACKGROUND_LOCATION" />
42-->src/main/AndroidManifest.xml:34:5-85
42-->src/main/AndroidManifest.xml:34:22-82
43
44    <!-- Camera permissions -->
45    <uses-permission android:name="android.permission.CAMERA" />
45-->src/main/AndroidManifest.xml:37:5-65
45-->src/main/AndroidManifest.xml:37:22-62
46
47    <!-- Wake lock to keep server running -->
48    <uses-permission android:name="android.permission.WAKE_LOCK" />
48-->src/main/AndroidManifest.xml:40:5-68
48-->src/main/AndroidManifest.xml:40:22-65
49
50    <!-- Foreground service -->
51    <uses-permission android:name="android.permission.FOREGROUND_SERVICE" />
51-->src/main/AndroidManifest.xml:43:5-77
51-->src/main/AndroidManifest.xml:43:22-74
52    <uses-permission android:name="android.permission.FOREGROUND_SERVICE_SPECIAL_USE" />
52-->src/main/AndroidManifest.xml:44:5-89
52-->src/main/AndroidManifest.xml:44:22-86
53    <uses-permission android:name="android.permission.FOREGROUND_SERVICE_LOCATION" />
53-->src/main/AndroidManifest.xml:45:5-86
53-->src/main/AndroidManifest.xml:45:22-83
54
55    <!-- Allow app to run in background -->
56    <uses-permission android:name="android.permission.REQUEST_IGNORE_BATTERY_OPTIMIZATIONS" />
56-->src/main/AndroidManifest.xml:48:5-95
56-->src/main/AndroidManifest.xml:48:22-92
57    <uses-permission android:name="android.permission.RECEIVE_BOOT_COMPLETED" />
57-->src/main/AndroidManifest.xml:49:5-81
57-->src/main/AndroidManifest.xml:49:22-78
58
59    <permission
59-->[androidx.core:core:1.12.0] AndroidManifest.xml:22:5-24:47
60        android:name="com.k3s.phoneserver.DYNAMIC_RECEIVER_NOT_EXPORTED_PERMISSION"
60-->[androidx.core:core:1.12.0] AndroidManifest.xml:23:9-81
61        android:protectionLevel="signature" />
61-->[androidx.core:core:1.12.0] AndroidManifest.xml:24:9-44
62
63    <uses-permission android:name="com.k3s.phoneserver.DYNAMIC_RECEIVER_NOT_EXPORTED_PERMISSION" />
63-->[androidx.core:core:1.12.0] AndroidManifest.xml:26:5-97
63-->[androidx.core:core:1.12.0] AndroidManifest.xml:26:22-94
64
65    <application
65-->src/main/AndroidManifest.xml:51:5-124:19
66        android:name="com.k3s.phoneserver.PhoneServerApplication"
66-->src/main/AndroidManifest.xml:52:9-47
67        android:allowBackup="true"
67-->src/main/AndroidManifest.xml:53:9-35
68        android:appComponentFactory="androidx.core.app.CoreComponentFactory"
68-->[androidx.core:core:1.12.0] AndroidManifest.xml:28:18-86
69        android:dataExtractionRules="@xml/data_extraction_rules"
69-->src/main/AndroidManifest.xml:54:9-65
70        android:debuggable="true"
71        android:extractNativeLibs="true"
71-->src/main/AndroidManifest.xml:65:9-41
72        android:fullBackupContent="@xml/backup_rules"
72-->src/main/AndroidManifest.xml:55:9-54
73        android:hardwareAccelerated="true"
73-->src/main/AndroidManifest.xml:63:9-43
74        android:icon="@mipmap/ic_launcher"
74-->src/main/AndroidManifest.xml:56:9-43
75        android:label="@string/app_name"
75-->src/main/AndroidManifest.xml:57:9-41
76        android:largeHeap="true"
76-->src/main/AndroidManifest.xml:62:9-33
77        android:networkSecurityConfig="@xml/network_security_config"
77-->src/main/AndroidManifest.xml:58:9-69
78        android:requestLegacyExternalStorage="true"
78-->src/main/AndroidManifest.xml:67:9-52
79        android:roundIcon="@mipmap/ic_launcher_round"
79-->src/main/AndroidManifest.xml:59:9-54
80        android:supportsRtl="true"
80-->src/main/AndroidManifest.xml:60:9-35
81        android:theme="@style/Theme.K3sPhoneServer"
81-->src/main/AndroidManifest.xml:61:9-52
82        android:usesCleartextTraffic="true"
82-->src/main/AndroidManifest.xml:66:9-44
83        android:vmSafeMode="false" >
83-->src/main/AndroidManifest.xml:64:9-35
84        <activity
84-->src/main/AndroidManifest.xml:70:9-78:20
85            android:name="com.k3s.phoneserver.MainActivity"
85-->src/main/AndroidManifest.xml:71:13-41
86            android:exported="true"
86-->src/main/AndroidManifest.xml:72:13-36
87            android:theme="@style/Theme.K3sPhoneServer" >
87-->src/main/AndroidManifest.xml:73:13-56
88            <intent-filter>
88-->src/main/AndroidManifest.xml:74:13-77:29
89                <action android:name="android.intent.action.MAIN" />
89-->src/main/AndroidManifest.xml:75:17-69
89-->src/main/AndroidManifest.xml:75:25-66
90
91                <category android:name="android.intent.category.LAUNCHER" />
91-->src/main/AndroidManifest.xml:76:17-77
91-->src/main/AndroidManifest.xml:76:27-74
92            </intent-filter>
93        </activity>
94        <activity
94-->src/main/AndroidManifest.xml:80:9-84:58
95            android:name="com.k3s.phoneserver.AIModelManagerActivity"
95-->src/main/AndroidManifest.xml:81:13-51
96            android:exported="false"
96-->src/main/AndroidManifest.xml:82:13-37
97            android:parentActivityName="com.k3s.phoneserver.MainActivity"
97-->src/main/AndroidManifest.xml:84:13-55
98            android:theme="@style/Theme.K3sPhoneServer" />
98-->src/main/AndroidManifest.xml:83:13-56
99        <activity
99-->src/main/AndroidManifest.xml:86:9-91:50
100            android:name="com.k3s.phoneserver.AITestActivity"
100-->src/main/AndroidManifest.xml:87:13-43
101            android:exported="false"
101-->src/main/AndroidManifest.xml:88:13-37
102            android:label="AI Text Generation"
102-->src/main/AndroidManifest.xml:91:13-47
103            android:parentActivityName="com.k3s.phoneserver.MainActivity"
103-->src/main/AndroidManifest.xml:90:13-55
104            android:theme="@style/Theme.K3sPhoneServer" />
104-->src/main/AndroidManifest.xml:89:13-56
105        <activity
105-->src/main/AndroidManifest.xml:93:9-99:47
106            android:name="com.k3s.phoneserver.services.DisplayActivity"
106-->src/main/AndroidManifest.xml:94:13-53
107            android:excludeFromRecents="true"
107-->src/main/AndroidManifest.xml:97:13-46
108            android:exported="false"
108-->src/main/AndroidManifest.xml:95:13-37
109            android:launchMode="singleTask"
109-->src/main/AndroidManifest.xml:99:13-44
110            android:taskAffinity=""
110-->src/main/AndroidManifest.xml:98:13-36
111            android:theme="@android:style/Theme.NoTitleBar.Fullscreen" />
111-->src/main/AndroidManifest.xml:96:13-71
112
113        <service
113-->src/main/AndroidManifest.xml:101:9-109:19
114            android:name="com.k3s.phoneserver.server.WebServerService"
114-->src/main/AndroidManifest.xml:102:13-52
115            android:enabled="true"
115-->src/main/AndroidManifest.xml:103:13-35
116            android:exported="false"
116-->src/main/AndroidManifest.xml:104:13-37
117            android:foregroundServiceType="specialUse|location" >
117-->src/main/AndroidManifest.xml:105:13-64
118            <property
118-->src/main/AndroidManifest.xml:106:13-108:104
119                android:name="android.app.PROPERTY_SPECIAL_USE_FGS_SUBTYPE"
119-->src/main/AndroidManifest.xml:107:17-76
120                android:value="Web server for K3s phone integration with background location access" />
120-->src/main/AndroidManifest.xml:108:17-101
121        </service>
122
123        <!-- Boot receiver to auto-start server -->
124        <receiver
124-->src/main/AndroidManifest.xml:112:9-122:20
125            android:name="com.k3s.phoneserver.BootReceiver"
125-->src/main/AndroidManifest.xml:113:13-41
126            android:enabled="true"
126-->src/main/AndroidManifest.xml:114:13-35
127            android:exported="true" >
127-->src/main/AndroidManifest.xml:115:13-36
128            <intent-filter android:priority="1000" >
128-->src/main/AndroidManifest.xml:116:13-121:29
128-->src/main/AndroidManifest.xml:116:28-51
129                <action android:name="android.intent.action.BOOT_COMPLETED" />
129-->src/main/AndroidManifest.xml:117:17-79
129-->src/main/AndroidManifest.xml:117:25-76
130                <action android:name="android.intent.action.MY_PACKAGE_REPLACED" />
130-->src/main/AndroidManifest.xml:118:17-84
130-->src/main/AndroidManifest.xml:118:25-81
131                <action android:name="android.intent.action.PACKAGE_REPLACED" />
131-->src/main/AndroidManifest.xml:119:17-81
131-->src/main/AndroidManifest.xml:119:25-78
132
133                <data android:scheme="package" />
133-->src/main/AndroidManifest.xml:120:17-50
133-->src/main/AndroidManifest.xml:120:23-47
134            </intent-filter>
135        </receiver>
136
137        <service
137-->[androidx.camera:camera-camera2:1.3.1] AndroidManifest.xml:24:9-33:19
138            android:name="androidx.camera.core.impl.MetadataHolderService"
138-->[androidx.camera:camera-camera2:1.3.1] AndroidManifest.xml:25:13-75
139            android:enabled="false"
139-->[androidx.camera:camera-camera2:1.3.1] AndroidManifest.xml:26:13-36
140            android:exported="false" >
140-->[androidx.camera:camera-camera2:1.3.1] AndroidManifest.xml:27:13-37
141            <meta-data
141-->[androidx.camera:camera-camera2:1.3.1] AndroidManifest.xml:30:13-32:89
142                android:name="androidx.camera.core.impl.MetadataHolderService.DEFAULT_CONFIG_PROVIDER"
142-->[androidx.camera:camera-camera2:1.3.1] AndroidManifest.xml:31:17-103
143                android:value="androidx.camera.camera2.Camera2Config$DefaultProvider" />
143-->[androidx.camera:camera-camera2:1.3.1] AndroidManifest.xml:32:17-86
144        </service>
145
146        <activity
146-->[pub.devrel:easypermissions:3.0.0] AndroidManifest.xml:12:9-16:66
147            android:name="pub.devrel.easypermissions.AppSettingsDialogHolderActivity"
147-->[pub.devrel:easypermissions:3.0.0] AndroidManifest.xml:13:13-86
148            android:exported="false"
148-->[pub.devrel:easypermissions:3.0.0] AndroidManifest.xml:14:13-37
149            android:label=""
149-->[pub.devrel:easypermissions:3.0.0] AndroidManifest.xml:15:13-29
150            android:theme="@style/EasyPermissions.Transparent" />
150-->[pub.devrel:easypermissions:3.0.0] AndroidManifest.xml:16:13-63
151        <activity
151-->[com.google.android.gms:play-services-base:18.1.0] AndroidManifest.xml:20:9-22:45
152            android:name="com.google.android.gms.common.api.GoogleApiActivity"
152-->[com.google.android.gms:play-services-base:18.1.0] AndroidManifest.xml:20:19-85
153            android:exported="false"
153-->[com.google.android.gms:play-services-base:18.1.0] AndroidManifest.xml:22:19-43
154            android:theme="@android:style/Theme.Translucent.NoTitleBar" />
154-->[com.google.android.gms:play-services-base:18.1.0] AndroidManifest.xml:21:19-78
155
156        <meta-data
156-->[com.google.android.gms:play-services-basement:18.1.0] AndroidManifest.xml:21:9-23:69
157            android:name="com.google.android.gms.version"
157-->[com.google.android.gms:play-services-basement:18.1.0] AndroidManifest.xml:22:13-58
158            android:value="@integer/google_play_services_version" />
158-->[com.google.android.gms:play-services-basement:18.1.0] AndroidManifest.xml:23:13-66
159
160        <provider
160-->[androidx.emoji2:emoji2:1.2.0] AndroidManifest.xml:24:9-32:20
161            android:name="androidx.startup.InitializationProvider"
161-->[androidx.emoji2:emoji2:1.2.0] AndroidManifest.xml:25:13-67
162            android:authorities="com.k3s.phoneserver.androidx-startup"
162-->[androidx.emoji2:emoji2:1.2.0] AndroidManifest.xml:26:13-68
163            android:exported="false" >
163-->[androidx.emoji2:emoji2:1.2.0] AndroidManifest.xml:27:13-37
164            <meta-data
164-->[androidx.emoji2:emoji2:1.2.0] AndroidManifest.xml:29:13-31:52
165                android:name="androidx.emoji2.text.EmojiCompatInitializer"
165-->[androidx.emoji2:emoji2:1.2.0] AndroidManifest.xml:30:17-75
166                android:value="androidx.startup" />
166-->[androidx.emoji2:emoji2:1.2.0] AndroidManifest.xml:31:17-49
167            <meta-data
167-->[androidx.work:work-runtime:2.9.0] AndroidManifest.xml:34:13-36:52
168                android:name="androidx.work.WorkManagerInitializer"
168-->[androidx.work:work-runtime:2.9.0] AndroidManifest.xml:35:17-68
169                android:value="androidx.startup" />
169-->[androidx.work:work-runtime:2.9.0] AndroidManifest.xml:36:17-49
170            <meta-data
170-->[androidx.lifecycle:lifecycle-process:2.7.0] AndroidManifest.xml:29:13-31:52
171                android:name="androidx.lifecycle.ProcessLifecycleInitializer"
171-->[androidx.lifecycle:lifecycle-process:2.7.0] AndroidManifest.xml:30:17-78
172                android:value="androidx.startup" />
172-->[androidx.lifecycle:lifecycle-process:2.7.0] AndroidManifest.xml:31:17-49
173            <meta-data
173-->[androidx.profileinstaller:profileinstaller:1.3.0] AndroidManifest.xml:29:13-31:52
174                android:name="androidx.profileinstaller.ProfileInstallerInitializer"
174-->[androidx.profileinstaller:profileinstaller:1.3.0] AndroidManifest.xml:30:17-85
175                android:value="androidx.startup" />
175-->[androidx.profileinstaller:profileinstaller:1.3.0] AndroidManifest.xml:31:17-49
176        </provider>
177
178        <service
178-->[androidx.work:work-runtime:2.9.0] AndroidManifest.xml:39:9-45:35
179            android:name="androidx.work.impl.background.systemalarm.SystemAlarmService"
179-->[androidx.work:work-runtime:2.9.0] AndroidManifest.xml:40:13-88
180            android:directBootAware="false"
180-->[androidx.work:work-runtime:2.9.0] AndroidManifest.xml:41:13-44
181            android:enabled="@bool/enable_system_alarm_service_default"
181-->[androidx.work:work-runtime:2.9.0] AndroidManifest.xml:42:13-72
182            android:exported="false" />
182-->[androidx.work:work-runtime:2.9.0] AndroidManifest.xml:43:13-37
183        <service
183-->[androidx.work:work-runtime:2.9.0] AndroidManifest.xml:46:9-52:35
184            android:name="androidx.work.impl.background.systemjob.SystemJobService"
184-->[androidx.work:work-runtime:2.9.0] AndroidManifest.xml:47:13-84
185            android:directBootAware="false"
185-->[androidx.work:work-runtime:2.9.0] AndroidManifest.xml:48:13-44
186            android:enabled="@bool/enable_system_job_service_default"
186-->[androidx.work:work-runtime:2.9.0] AndroidManifest.xml:49:13-70
187            android:exported="true"
187-->[androidx.work:work-runtime:2.9.0] AndroidManifest.xml:50:13-36
188            android:permission="android.permission.BIND_JOB_SERVICE" />
188-->[androidx.work:work-runtime:2.9.0] AndroidManifest.xml:51:13-69
189        <service
189-->[androidx.work:work-runtime:2.9.0] AndroidManifest.xml:53:9-59:35
190            android:name="androidx.work.impl.foreground.SystemForegroundService"
190-->[androidx.work:work-runtime:2.9.0] AndroidManifest.xml:54:13-81
191            android:directBootAware="false"
191-->[androidx.work:work-runtime:2.9.0] AndroidManifest.xml:55:13-44
192            android:enabled="@bool/enable_system_foreground_service_default"
192-->[androidx.work:work-runtime:2.9.0] AndroidManifest.xml:56:13-77
193            android:exported="false" />
193-->[androidx.work:work-runtime:2.9.0] AndroidManifest.xml:57:13-37
194
195        <receiver
195-->[androidx.work:work-runtime:2.9.0] AndroidManifest.xml:61:9-66:35
196            android:name="androidx.work.impl.utils.ForceStopRunnable$BroadcastReceiver"
196-->[androidx.work:work-runtime:2.9.0] AndroidManifest.xml:62:13-88
197            android:directBootAware="false"
197-->[androidx.work:work-runtime:2.9.0] AndroidManifest.xml:63:13-44
198            android:enabled="true"
198-->[androidx.work:work-runtime:2.9.0] AndroidManifest.xml:64:13-35
199            android:exported="false" />
199-->[androidx.work:work-runtime:2.9.0] AndroidManifest.xml:65:13-37
200        <receiver
200-->[androidx.work:work-runtime:2.9.0] AndroidManifest.xml:67:9-77:20
201            android:name="androidx.work.impl.background.systemalarm.ConstraintProxy$BatteryChargingProxy"
201-->[androidx.work:work-runtime:2.9.0] AndroidManifest.xml:68:13-106
202            android:directBootAware="false"
202-->[androidx.work:work-runtime:2.9.0] AndroidManifest.xml:69:13-44
203            android:enabled="false"
203-->[androidx.work:work-runtime:2.9.0] AndroidManifest.xml:70:13-36
204            android:exported="false" >
204-->[androidx.work:work-runtime:2.9.0] AndroidManifest.xml:71:13-37
205            <intent-filter>
205-->[androidx.work:work-runtime:2.9.0] AndroidManifest.xml:73:13-76:29
206                <action android:name="android.intent.action.ACTION_POWER_CONNECTED" />
206-->[androidx.work:work-runtime:2.9.0] AndroidManifest.xml:74:17-87
206-->[androidx.work:work-runtime:2.9.0] AndroidManifest.xml:74:25-84
207                <action android:name="android.intent.action.ACTION_POWER_DISCONNECTED" />
207-->[androidx.work:work-runtime:2.9.0] AndroidManifest.xml:75:17-90
207-->[androidx.work:work-runtime:2.9.0] AndroidManifest.xml:75:25-87
208            </intent-filter>
209        </receiver>
210        <receiver
210-->[androidx.work:work-runtime:2.9.0] AndroidManifest.xml:78:9-88:20
211            android:name="androidx.work.impl.background.systemalarm.ConstraintProxy$BatteryNotLowProxy"
211-->[androidx.work:work-runtime:2.9.0] AndroidManifest.xml:79:13-104
212            android:directBootAware="false"
212-->[androidx.work:work-runtime:2.9.0] AndroidManifest.xml:80:13-44
213            android:enabled="false"
213-->[androidx.work:work-runtime:2.9.0] AndroidManifest.xml:81:13-36
214            android:exported="false" >
214-->[androidx.work:work-runtime:2.9.0] AndroidManifest.xml:82:13-37
215            <intent-filter>
215-->[androidx.work:work-runtime:2.9.0] AndroidManifest.xml:84:13-87:29
216                <action android:name="android.intent.action.BATTERY_OKAY" />
216-->[androidx.work:work-runtime:2.9.0] AndroidManifest.xml:85:17-77
216-->[androidx.work:work-runtime:2.9.0] AndroidManifest.xml:85:25-74
217                <action android:name="android.intent.action.BATTERY_LOW" />
217-->[androidx.work:work-runtime:2.9.0] AndroidManifest.xml:86:17-76
217-->[androidx.work:work-runtime:2.9.0] AndroidManifest.xml:86:25-73
218            </intent-filter>
219        </receiver>
220        <receiver
220-->[androidx.work:work-runtime:2.9.0] AndroidManifest.xml:89:9-99:20
221            android:name="androidx.work.impl.background.systemalarm.ConstraintProxy$StorageNotLowProxy"
221-->[androidx.work:work-runtime:2.9.0] AndroidManifest.xml:90:13-104
222            android:directBootAware="false"
222-->[androidx.work:work-runtime:2.9.0] AndroidManifest.xml:91:13-44
223            android:enabled="false"
223-->[androidx.work:work-runtime:2.9.0] AndroidManifest.xml:92:13-36
224            android:exported="false" >
224-->[androidx.work:work-runtime:2.9.0] AndroidManifest.xml:93:13-37
225            <intent-filter>
225-->[androidx.work:work-runtime:2.9.0] AndroidManifest.xml:95:13-98:29
226                <action android:name="android.intent.action.DEVICE_STORAGE_LOW" />
226-->[androidx.work:work-runtime:2.9.0] AndroidManifest.xml:96:17-83
226-->[androidx.work:work-runtime:2.9.0] AndroidManifest.xml:96:25-80
227                <action android:name="android.intent.action.DEVICE_STORAGE_OK" />
227-->[androidx.work:work-runtime:2.9.0] AndroidManifest.xml:97:17-82
227-->[androidx.work:work-runtime:2.9.0] AndroidManifest.xml:97:25-79
228            </intent-filter>
229        </receiver>
230        <receiver
230-->[androidx.work:work-runtime:2.9.0] AndroidManifest.xml:100:9-109:20
231            android:name="androidx.work.impl.background.systemalarm.ConstraintProxy$NetworkStateProxy"
231-->[androidx.work:work-runtime:2.9.0] AndroidManifest.xml:101:13-103
232            android:directBootAware="false"
232-->[androidx.work:work-runtime:2.9.0] AndroidManifest.xml:102:13-44
233            android:enabled="false"
233-->[androidx.work:work-runtime:2.9.0] AndroidManifest.xml:103:13-36
234            android:exported="false" >
234-->[androidx.work:work-runtime:2.9.0] AndroidManifest.xml:104:13-37
235            <intent-filter>
235-->[androidx.work:work-runtime:2.9.0] AndroidManifest.xml:106:13-108:29
236                <action android:name="android.net.conn.CONNECTIVITY_CHANGE" />
236-->[androidx.work:work-runtime:2.9.0] AndroidManifest.xml:107:17-79
236-->[androidx.work:work-runtime:2.9.0] AndroidManifest.xml:107:25-76
237            </intent-filter>
238        </receiver>
239        <receiver
239-->[androidx.work:work-runtime:2.9.0] AndroidManifest.xml:110:9-121:20
240            android:name="androidx.work.impl.background.systemalarm.RescheduleReceiver"
240-->[androidx.work:work-runtime:2.9.0] AndroidManifest.xml:111:13-88
241            android:directBootAware="false"
241-->[androidx.work:work-runtime:2.9.0] AndroidManifest.xml:112:13-44
242            android:enabled="false"
242-->[androidx.work:work-runtime:2.9.0] AndroidManifest.xml:113:13-36
243            android:exported="false" >
243-->[androidx.work:work-runtime:2.9.0] AndroidManifest.xml:114:13-37
244            <intent-filter>
244-->[androidx.work:work-runtime:2.9.0] AndroidManifest.xml:116:13-120:29
245                <action android:name="android.intent.action.BOOT_COMPLETED" />
245-->src/main/AndroidManifest.xml:117:17-79
245-->src/main/AndroidManifest.xml:117:25-76
246                <action android:name="android.intent.action.TIME_SET" />
246-->[androidx.work:work-runtime:2.9.0] AndroidManifest.xml:118:17-73
246-->[androidx.work:work-runtime:2.9.0] AndroidManifest.xml:118:25-70
247                <action android:name="android.intent.action.TIMEZONE_CHANGED" />
247-->[androidx.work:work-runtime:2.9.0] AndroidManifest.xml:119:17-81
247-->[androidx.work:work-runtime:2.9.0] AndroidManifest.xml:119:25-78
248            </intent-filter>
249        </receiver>
250        <receiver
250-->[androidx.work:work-runtime:2.9.0] AndroidManifest.xml:122:9-131:20
251            android:name="androidx.work.impl.background.systemalarm.ConstraintProxyUpdateReceiver"
251-->[androidx.work:work-runtime:2.9.0] AndroidManifest.xml:123:13-99
252            android:directBootAware="false"
252-->[androidx.work:work-runtime:2.9.0] AndroidManifest.xml:124:13-44
253            android:enabled="@bool/enable_system_alarm_service_default"
253-->[androidx.work:work-runtime:2.9.0] AndroidManifest.xml:125:13-72
254            android:exported="false" >
254-->[androidx.work:work-runtime:2.9.0] AndroidManifest.xml:126:13-37
255            <intent-filter>
255-->[androidx.work:work-runtime:2.9.0] AndroidManifest.xml:128:13-130:29
256                <action android:name="androidx.work.impl.background.systemalarm.UpdateProxies" />
256-->[androidx.work:work-runtime:2.9.0] AndroidManifest.xml:129:17-98
256-->[androidx.work:work-runtime:2.9.0] AndroidManifest.xml:129:25-95
257            </intent-filter>
258        </receiver>
259        <receiver
259-->[androidx.work:work-runtime:2.9.0] AndroidManifest.xml:132:9-142:20
260            android:name="androidx.work.impl.diagnostics.DiagnosticsReceiver"
260-->[androidx.work:work-runtime:2.9.0] AndroidManifest.xml:133:13-78
261            android:directBootAware="false"
261-->[androidx.work:work-runtime:2.9.0] AndroidManifest.xml:134:13-44
262            android:enabled="true"
262-->[androidx.work:work-runtime:2.9.0] AndroidManifest.xml:135:13-35
263            android:exported="true"
263-->[androidx.work:work-runtime:2.9.0] AndroidManifest.xml:136:13-36
264            android:permission="android.permission.DUMP" >
264-->[androidx.work:work-runtime:2.9.0] AndroidManifest.xml:137:13-57
265            <intent-filter>
265-->[androidx.work:work-runtime:2.9.0] AndroidManifest.xml:139:13-141:29
266                <action android:name="androidx.work.diagnostics.REQUEST_DIAGNOSTICS" />
266-->[androidx.work:work-runtime:2.9.0] AndroidManifest.xml:140:17-88
266-->[androidx.work:work-runtime:2.9.0] AndroidManifest.xml:140:25-85
267            </intent-filter>
268        </receiver>
269
270        <service
270-->[androidx.room:room-runtime:2.5.0] AndroidManifest.xml:24:9-28:63
271            android:name="androidx.room.MultiInstanceInvalidationService"
271-->[androidx.room:room-runtime:2.5.0] AndroidManifest.xml:25:13-74
272            android:directBootAware="true"
272-->[androidx.room:room-runtime:2.5.0] AndroidManifest.xml:26:13-43
273            android:exported="false" />
273-->[androidx.room:room-runtime:2.5.0] AndroidManifest.xml:27:13-37
274        <!--
275             Applications that target Android S+ require explicit declaration of
276             any referenced vendor-provided libraries.
277        -->
278        <uses-native-library
278-->[com.google.mediapipe:tasks-genai:0.10.25] AndroidManifest.xml:15:9-17:40
279            android:name="libOpenCL.so"
279-->[com.google.mediapipe:tasks-genai:0.10.25] AndroidManifest.xml:16:13-40
280            android:required="false" />
280-->[com.google.mediapipe:tasks-genai:0.10.25] AndroidManifest.xml:17:13-37
281        <uses-native-library
281-->[com.google.mediapipe:tasks-genai:0.10.25] AndroidManifest.xml:15:9-17:40
282            android:name="libOpenCL-car.so"
282-->[com.google.mediapipe:tasks-genai:0.10.25] AndroidManifest.xml:16:13-40
283            android:required="false" />
283-->[com.google.mediapipe:tasks-genai:0.10.25] AndroidManifest.xml:17:13-37
284        <uses-native-library
284-->[com.google.mediapipe:tasks-genai:0.10.25] AndroidManifest.xml:15:9-17:40
285            android:name="libOpenCL-pixel.so"
285-->[com.google.mediapipe:tasks-genai:0.10.25] AndroidManifest.xml:16:13-40
286            android:required="false" />
286-->[com.google.mediapipe:tasks-genai:0.10.25] AndroidManifest.xml:17:13-37
287
288        <receiver
288-->[androidx.profileinstaller:profileinstaller:1.3.0] AndroidManifest.xml:34:9-52:20
289            android:name="androidx.profileinstaller.ProfileInstallReceiver"
289-->[androidx.profileinstaller:profileinstaller:1.3.0] AndroidManifest.xml:35:13-76
290            android:directBootAware="false"
290-->[androidx.profileinstaller:profileinstaller:1.3.0] AndroidManifest.xml:36:13-44
291            android:enabled="true"
291-->[androidx.profileinstaller:profileinstaller:1.3.0] AndroidManifest.xml:37:13-35
292            android:exported="true"
292-->[androidx.profileinstaller:profileinstaller:1.3.0] AndroidManifest.xml:38:13-36
293            android:permission="android.permission.DUMP" >
293-->[androidx.profileinstaller:profileinstaller:1.3.0] AndroidManifest.xml:39:13-57
294            <intent-filter>
294-->[androidx.profileinstaller:profileinstaller:1.3.0] AndroidManifest.xml:40:13-42:29
295                <action android:name="androidx.profileinstaller.action.INSTALL_PROFILE" />
295-->[androidx.profileinstaller:profileinstaller:1.3.0] AndroidManifest.xml:41:17-91
295-->[androidx.profileinstaller:profileinstaller:1.3.0] AndroidManifest.xml:41:25-88
296            </intent-filter>
297            <intent-filter>
297-->[androidx.profileinstaller:profileinstaller:1.3.0] AndroidManifest.xml:43:13-45:29